<?xml version="1.0" encoding="UTF-8"?>
<!-- Generated by org.testng.reporters.JUnitReportReporter -->
<testsuite hostname="binsonPc" failures="0" tests="1" name="homedepot.Test1" time="8.778" errors="0" timestamp="2021-04-02T14:53:04 EDT" skipped="0">
  <testcase classname="homedepot.Test1" name="RegTest" time="8.778"/>
  <system-out/>
</testsuite> <!-- homedepot.Test1 -->
