<?xml version="1.0" encoding="UTF-8"?>
<!-- Generated by org.testng.reporters.JUnitReportReporter -->
<testsuite hostname="binsonPc" failures="0" tests="1" name="homedepot.Test1" time="12.650" errors="0" timestamp="2021-05-03T19:58:41 EDT" skipped="0">
  <testcase classname="homedepot.Test1" name="RegTest" time="12.650"/>
  <system-out/>
</testsuite> <!-- homedepot.Test1 -->
